<?xml version="1.0" encoding="UTF-8"?>
<testng-results ignored="0" total="1" passed="1" failed="0" skipped="0">
  <reporter-output>
    <line>
      <![CDATA[Test reportBengaluru]]>
    </line>
  </reporter-output>
  <suite started-at="2025-09-20T12:19:19 IST" name="Suite" finished-at="2025-09-20T12:19:19 IST" duration-ms="183">
    <groups>
    </groups>
    <test started-at="2025-09-20T12:19:19 IST" name="Test" finished-at="2025-09-20T12:19:19 IST" duration-ms="183">
      <class name="day20.Demo1">
        <test-method signature="testA(java.lang.String)[pri:0, instance:day20.Demo1@411f53a0]" started-at="2025-09-20T12:19:19 IST" name="testA" finished-at="2025-09-20T12:19:19 IST" duration-ms="39" status="PASS">
          <params>
            <param index="0">
              <value>
                <![CDATA[Bengaluru]]>
              </value>
            </param>
          </params>
          <reporter-output>
            <line>
              <![CDATA[Test reportBengaluru]]>
            </line>
          </reporter-output>
        </test-method> <!-- testA -->
      </class> <!-- day20.Demo1 -->
    </test> <!-- Test -->
  </suite> <!-- Suite -->
</testng-results>
